<?xml version="1.0" encoding="UTF-8"?>
<!-- Generated by org.testng.reporters.JUnitReportReporter -->
<testsuite hostname="DESKTOP-EQGDIG6" failures="0" tests="1" name="pomTests.LoginTest" time="48.707" errors="0" timestamp="2025-03-20T20:09:43 IST" skipped="0">
  <testcase classname="pomTests.LoginTest" name="registerUSer" time="48.707"/>
  <system-out/>
</testsuite> <!-- pomTests.LoginTest -->
