<?xml version="1.0" encoding="UTF-8"?>
<!-- Generated by org.testng.reporters.JUnitReportReporter -->
<testsuite hostname="DESKTOP-EQGDIG6" failures="0" tests="1" name="pomTests.RegistrationTest" time="62.716" errors="0" timestamp="2025-03-20T20:11:05 IST" skipped="0">
  <testcase classname="pomTests.RegistrationTest" name="registerUSer" time="62.716"/>
  <system-out/>
</testsuite> <!-- pomTests.RegistrationTest -->
